<?xml version="1.0" encoding="UTF-8"?>
<coverage generated="1601584316930" clover="3.2.0">
  <project timestamp="1601584316930" name="All files">
    <metrics statements="62" coveredstatements="27" conditionals="3" coveredconditionals="0" methods="24" coveredmethods="5" elements="89" coveredelements="32" complexity="0" loc="62" ncloc="62" packages="7" files="7" classes="7"/>
    <package name="Utils">
      <metrics statements="3" coveredstatements="3" conditionals="0" coveredconditionals="0" methods="1" coveredmethods="1"/>
      <file name="index.js" path="/Users/rms/Desktop/HR/hrsjo/FEC-UNZWILLING-product-info-section/Utils/index.js">
        <metrics statements="3" coveredstatements="3" conditionals="0" coveredconditionals="0" methods="1" coveredmethods="1"/>
        <line num="1" count="1" type="stmt"/>
        <line num="2" count="1" type="stmt"/>
        <line num="3" count="1" type="stmt"/>
      </file>
    </package>
    <package name="client.src.App">
      <metrics statements="11" coveredstatements="8" conditionals="0" coveredconditionals="0" methods="10" coveredmethods="4"/>
      <file name="App.jsx" path="/Users/rms/Desktop/HR/hrsjo/FEC-UNZWILLING-product-info-section/client/src/App/App.jsx">
        <metrics statements="11" coveredstatements="8" conditionals="0" coveredconditionals="0" methods="10" coveredmethods="4"/>
        <line num="11" count="1" type="stmt"/>
        <line num="12" count="1" type="stmt"/>
        <line num="16" count="1" type="stmt"/>
        <line num="17" count="1" type="stmt"/>
        <line num="21" count="1" type="stmt"/>
        <line num="25" count="1" type="stmt"/>
        <line num="27" count="0" type="stmt"/>
        <line num="37" count="0" type="stmt"/>
        <line num="40" count="0" type="stmt"/>
        <line num="45" count="1" type="stmt"/>
        <line num="46" count="1" type="stmt"/>
      </file>
    </package>
    <package name="client.src.components.ProductDetailsComponents.AddToBasket">
      <metrics statements="17" coveredstatements="4" conditionals="0" coveredconditionals="0" methods="5" coveredmethods="0"/>
      <file name="AddToBasket.jsx" path="/Users/rms/Desktop/HR/hrsjo/FEC-UNZWILLING-product-info-section/client/src/components/ProductDetailsComponents/AddToBasket/AddToBasket.jsx">
        <metrics statements="17" coveredstatements="4" conditionals="0" coveredconditionals="0" methods="5" coveredmethods="0"/>
        <line num="6" count="1" type="stmt"/>
        <line num="10" count="1" type="stmt"/>
        <line num="16" count="0" type="stmt"/>
        <line num="17" count="0" type="stmt"/>
        <line num="20" count="0" type="stmt"/>
        <line num="21" count="0" type="stmt"/>
        <line num="25" count="0" type="stmt"/>
        <line num="26" count="0" type="stmt"/>
        <line num="27" count="0" type="stmt"/>
        <line num="28" count="0" type="stmt"/>
        <line num="29" count="0" type="stmt"/>
        <line num="34" count="0" type="stmt"/>
        <line num="37" count="0" type="stmt"/>
        <line num="41" count="0" type="stmt"/>
        <line num="42" count="0" type="stmt"/>
        <line num="67" count="1" type="stmt"/>
        <line num="68" count="1" type="stmt"/>
      </file>
    </package>
    <package name="client.src.components.ProductDetailsComponents.ProductDetails">
      <metrics statements="8" coveredstatements="4" conditionals="0" coveredconditionals="0" methods="2" coveredmethods="0"/>
      <file name="ProductDetails.jsx" path="/Users/rms/Desktop/HR/hrsjo/FEC-UNZWILLING-product-info-section/client/src/components/ProductDetailsComponents/ProductDetails/ProductDetails.jsx">
        <metrics statements="8" coveredstatements="4" conditionals="0" coveredconditionals="0" methods="2" coveredmethods="0"/>
        <line num="8" count="1" type="stmt"/>
        <line num="13" count="1" type="stmt"/>
        <line num="20" count="0" type="stmt"/>
        <line num="21" count="0" type="stmt"/>
        <line num="26" count="0" type="stmt"/>
        <line num="28" count="0" type="stmt"/>
        <line num="41" count="1" type="stmt"/>
        <line num="42" count="1" type="stmt"/>
      </file>
    </package>
    <package name="client.src.components.ProductDetailsComponents.ProductReviews">
      <metrics statements="12" coveredstatements="4" conditionals="3" coveredconditionals="0" methods="2" coveredmethods="0"/>
      <file name="ProductReviews.jsx" path="/Users/rms/Desktop/HR/hrsjo/FEC-UNZWILLING-product-info-section/client/src/components/ProductDetailsComponents/ProductReviews/ProductReviews.jsx">
        <metrics statements="12" coveredstatements="4" conditionals="3" coveredconditionals="0" methods="2" coveredmethods="0"/>
        <line num="7" count="1" type="stmt"/>
        <line num="11" count="1" type="stmt"/>
        <line num="28" count="0" type="stmt"/>
        <line num="30" count="0" type="stmt"/>
        <line num="31" count="0" type="stmt"/>
        <line num="32" count="0" type="stmt"/>
        <line num="33" count="0" type="stmt"/>
        <line num="40" count="0" type="stmt"/>
        <line num="43" count="0" type="stmt"/>
        <line num="53" count="0" type="stmt"/>
        <line num="64" count="1" type="stmt"/>
        <line num="65" count="1" type="stmt"/>
      </file>
    </package>
    <package name="client.src.components.ProductDetailsComponents.ProductTitleAndLogo">
      <metrics statements="8" coveredstatements="4" conditionals="0" coveredconditionals="0" methods="2" coveredmethods="0"/>
      <file name="ProductTitleAndLogo.jsx" path="/Users/rms/Desktop/HR/hrsjo/FEC-UNZWILLING-product-info-section/client/src/components/ProductDetailsComponents/ProductTitleAndLogo/ProductTitleAndLogo.jsx">
        <metrics statements="8" coveredstatements="4" conditionals="0" coveredconditionals="0" methods="2" coveredmethods="0"/>
        <line num="6" count="1" type="stmt"/>
        <line num="10" count="1" type="stmt"/>
        <line num="16" count="0" type="stmt"/>
        <line num="17" count="0" type="stmt"/>
        <line num="22" count="0" type="stmt"/>
        <line num="23" count="0" type="stmt"/>
        <line num="45" count="1" type="stmt"/>
        <line num="46" count="1" type="stmt"/>
      </file>
    </package>
    <package name="client.src.components.image_components">
      <metrics statements="3" coveredstatements="0" conditionals="0" coveredconditionals="0" methods="2" coveredmethods="0"/>
      <file name="ProductImages.jsx" path="/Users/rms/Desktop/HR/hrsjo/FEC-UNZWILLING-product-info-section/client/src/components/image_components/ProductImages.jsx">
        <metrics statements="3" coveredstatements="0" conditionals="0" coveredconditionals="0" methods="2" coveredmethods="0"/>
        <line num="5" count="0" type="stmt"/>
        <line num="6" count="0" type="stmt"/>
        <line num="11" count="0" type="stmt"/>
      </file>
    </package>
  </project>
</coverage>
