{"/Users/rms/Desktop/HR/hrsjo/FEC-UNZWILLING-product-info-section/Utils/index.js": {"path":"/Users/rms/Desktop/HR/hrsjo/FEC-UNZWILLING-product-info-section/Utils/index.js","statementMap":{"0":{"start":{"line":1,"column":23},"end":{"line":4,"column":1}},"1":{"start":{"line":2,"column":18},"end":{"line":2,"column":57}},"2":{"start":{"line":3,"column":2},"end":{"line":3,"column":17}}},"fnMap":{"0":{"name":"(anonymous_0)","decl":{"start":{"line":1,"column":23},"end":{"line":1,"column":24}},"loc":{"start":{"line":1,"column":44},"end":{"line":4,"column":1}},"line":1}},"branchMap":{},"s":{"0":1,"1":1,"2":1},"f":{"0":1},"b":{},"_coverageSchema":"1a1c01bbd47fc00a2c39e90264f33305004495a9","hash":"c3e1ce3767a31b7c130668d204521f9e269e20ca"}
,"/Users/rms/Desktop/HR/hrsjo/FEC-UNZWILLING-product-info-section/client/src/App/App.jsx": {"path":"/Users/rms/Desktop/HR/hrsjo/FEC-UNZWILLING-product-info-section/client/src/App/App.jsx","statementMap":{"0":{"start":{"line":11,"column":4},"end":{"line":11,"column":17}},"1":{"start":{"line":12,"column":4},"end":{"line":15,"column":6}},"2":{"start":{"line":16,"column":4},"end":{"line":16,"column":69}},"3":{"start":{"line":17,"column":4},"end":{"line":17,"column":53}},"4":{"start":{"line":21,"column":4},"end":{"line":21,"column":33}},"5":{"start":{"line":25,"column":4},"end":{"line":33,"column":9}},"6":{"start":{"line":27,"column":8},"end":{"line":29,"column":12}},"7":{"start":{"line":27,"column":29},"end":{"line":29,"column":9}},"8":{"start":{"line":37,"column":4},"end":{"line":39,"column":8}},"9":{"start":{"line":37,"column":38},"end":{"line":39,"column":5}},"10":{"start":{"line":43,"column":35},"end":{"line":43,"column":45}},"11":{"start":{"line":44,"column":4},"end":{"line":58,"column":6}}},"fnMap":{"0":{"name":"(anonymous_0)","decl":{"start":{"line":10,"column":2},"end":{"line":10,"column":3}},"loc":{"start":{"line":10,"column":21},"end":{"line":18,"column":3}},"line":10},"1":{"name":"(anonymous_1)","decl":{"start":{"line":20,"column":2},"end":{"line":20,"column":3}},"loc":{"start":{"line":20,"column":22},"end":{"line":22,"column":3}},"line":20},"2":{"name":"(anonymous_2)","decl":{"start":{"line":24,"column":2},"end":{"line":24,"column":3}},"loc":{"start":{"line":24,"column":27},"end":{"line":34,"column":3}},"line":24},"3":{"name":"(anonymous_3)","decl":{"start":{"line":26,"column":12},"end":{"line":26,"column":13}},"loc":{"start":{"line":26,"column":26},"end":{"line":30,"column":7}},"line":26},"4":{"name":"(anonymous_4)","decl":{"start":{"line":27,"column":22},"end":{"line":27,"column":23}},"loc":{"start":{"line":27,"column":29},"end":{"line":29,"column":9}},"line":27},"5":{"name":"(anonymous_5)","decl":{"start":{"line":31,"column":13},"end":{"line":31,"column":14}},"loc":{"start":{"line":31,"column":19},"end":{"line":33,"column":7}},"line":31},"6":{"name":"(anonymous_6)","decl":{"start":{"line":36,"column":2},"end":{"line":36,"column":3}},"loc":{"start":{"line":36,"column":35},"end":{"line":40,"column":3}},"line":36},"7":{"name":"(anonymous_7)","decl":{"start":{"line":37,"column":18},"end":{"line":37,"column":19}},"loc":{"start":{"line":37,"column":38},"end":{"line":39,"column":5}},"line":37},"8":{"name":"(anonymous_8)","decl":{"start":{"line":42,"column":2},"end":{"line":42,"column":3}},"loc":{"start":{"line":42,"column":11},"end":{"line":59,"column":3}},"line":42}},"branchMap":{},"s":{"0":1,"1":1,"2":1,"3":1,"4":1,"5":1,"6":0,"7":0,"8":0,"9":0,"10":1,"11":1},"f":{"0":1,"1":1,"2":1,"3":0,"4":0,"5":0,"6":0,"7":0,"8":1},"b":{},"_coverageSchema":"1a1c01bbd47fc00a2c39e90264f33305004495a9","hash":"3c9a324d3e35960e7a44a5d373b2c76a7e7bc401"}
,"/Users/rms/Desktop/HR/hrsjo/FEC-UNZWILLING-product-info-section/client/src/components/ProductDetailsComponents/AddToBasket/AddToBasket.jsx": {"path":"/Users/rms/Desktop/HR/hrsjo/FEC-UNZWILLING-product-info-section/client/src/components/ProductDetailsComponents/AddToBasket/AddToBasket.jsx","statementMap":{"0":{"start":{"line":6,"column":18},"end":{"line":8,"column":1}},"1":{"start":{"line":10,"column":21},"end":{"line":12,"column":1}},"2":{"start":{"line":16,"column":4},"end":{"line":16,"column":17}},"3":{"start":{"line":17,"column":4},"end":{"line":19,"column":6}},"4":{"start":{"line":20,"column":4},"end":{"line":20,"column":53}},"5":{"start":{"line":21,"column":4},"end":{"line":21,"column":53}},"6":{"start":{"line":25,"column":4},"end":{"line":25,"column":23}},"7":{"start":{"line":26,"column":42},"end":{"line":26,"column":52}},"8":{"start":{"line":27,"column":29},"end":{"line":27,"column":39}},"9":{"start":{"line":28,"column":38},"end":{"line":28,"column":71}},"10":{"start":{"line":29,"column":4},"end":{"line":29,"column":44}},"11":{"start":{"line":34,"column":4},"end":{"line":36,"column":8}},"12":{"start":{"line":34,"column":25},"end":{"line":36,"column":5}},"13":{"start":{"line":37,"column":4},"end":{"line":37,"column":16}},"14":{"start":{"line":41,"column":42},"end":{"line":41,"column":52}},"15":{"start":{"line":42,"column":4},"end":{"line":63,"column":6}},"16":{"start":{"line":67,"column":0},"end":{"line":67,"column":34}},"17":{"start":{"line":68,"column":0},"end":{"line":68,"column":40}}},"fnMap":{"0":{"name":"(anonymous_0)","decl":{"start":{"line":15,"column":2},"end":{"line":15,"column":3}},"loc":{"start":{"line":15,"column":21},"end":{"line":22,"column":3}},"line":15},"1":{"name":"(anonymous_1)","decl":{"start":{"line":24,"column":2},"end":{"line":24,"column":3}},"loc":{"start":{"line":24,"column":18},"end":{"line":31,"column":3}},"line":24},"2":{"name":"(anonymous_2)","decl":{"start":{"line":33,"column":2},"end":{"line":33,"column":3}},"loc":{"start":{"line":33,"column":18},"end":{"line":38,"column":3}},"line":33},"3":{"name":"(anonymous_3)","decl":{"start":{"line":34,"column":18},"end":{"line":34,"column":19}},"loc":{"start":{"line":34,"column":25},"end":{"line":36,"column":5}},"line":34},"4":{"name":"(anonymous_4)","decl":{"start":{"line":40,"column":2},"end":{"line":40,"column":3}},"loc":{"start":{"line":40,"column":11},"end":{"line":64,"column":3}},"line":40}},"branchMap":{},"s":{"0":1,"1":1,"2":0,"3":0,"4":0,"5":0,"6":0,"7":0,"8":0,"9":0,"10":0,"11":0,"12":0,"13":0,"14":0,"15":0,"16":1,"17":1},"f":{"0":0,"1":0,"2":0,"3":0,"4":0},"b":{},"_coverageSchema":"1a1c01bbd47fc00a2c39e90264f33305004495a9","hash":"1b39e5e661e51ff90eb6d53afa244e4a9a5c9682"}
,"/Users/rms/Desktop/HR/hrsjo/FEC-UNZWILLING-product-info-section/client/src/components/ProductDetailsComponents/ProductDetails/ProductDetails.jsx": {"path":"/Users/rms/Desktop/HR/hrsjo/FEC-UNZWILLING-product-info-section/client/src/components/ProductDetailsComponents/ProductDetails/ProductDetails.jsx","statementMap":{"0":{"start":{"line":11,"column":18},"end":{"line":14,"column":1}},"1":{"start":{"line":16,"column":21},"end":{"line":19,"column":1}},"2":{"start":{"line":23,"column":4},"end":{"line":23,"column":17}},"3":{"start":{"line":24,"column":4},"end":{"line":25,"column":6}},"4":{"start":{"line":29,"column":49},"end":{"line":29,"column":59}},"5":{"start":{"line":31,"column":4},"end":{"line":41,"column":6}},"6":{"start":{"line":45,"column":0},"end":{"line":45,"column":37}},"7":{"start":{"line":46,"column":0},"end":{"line":46,"column":43}}},"fnMap":{"0":{"name":"(anonymous_0)","decl":{"start":{"line":22,"column":2},"end":{"line":22,"column":3}},"loc":{"start":{"line":22,"column":21},"end":{"line":26,"column":3}},"line":22},"1":{"name":"(anonymous_1)","decl":{"start":{"line":28,"column":2},"end":{"line":28,"column":3}},"loc":{"start":{"line":28,"column":11},"end":{"line":42,"column":3}},"line":28}},"branchMap":{},"s":{"0":1,"1":1,"2":0,"3":0,"4":0,"5":0,"6":1,"7":1},"f":{"0":0,"1":0},"b":{},"_coverageSchema":"1a1c01bbd47fc00a2c39e90264f33305004495a9","hash":"28df617b12877b491f89349ff8d924e4d5fe74ce"}
,"/Users/rms/Desktop/HR/hrsjo/FEC-UNZWILLING-product-info-section/client/src/components/ProductDetailsComponents/ProductPrice/ProductPrice.jsx": {"path":"/Users/rms/Desktop/HR/hrsjo/FEC-UNZWILLING-product-info-section/client/src/components/ProductDetailsComponents/ProductPrice/ProductPrice.jsx","statementMap":{"0":{"start":{"line":4,"column":18},"end":{"line":6,"column":1}},"1":{"start":{"line":8,"column":21},"end":{"line":10,"column":1}},"2":{"start":{"line":13,"column":33},"end":{"line":13,"column":38}},"3":{"start":{"line":21,"column":2},"end":{"line":38,"column":4}},"4":{"start":{"line":41,"column":0},"end":{"line":41,"column":35}},"5":{"start":{"line":42,"column":0},"end":{"line":42,"column":41}}},"fnMap":{"0":{"name":"ProductPrice","decl":{"start":{"line":12,"column":24},"end":{"line":12,"column":36}},"loc":{"start":{"line":12,"column":44},"end":{"line":39,"column":1}},"line":12}},"branchMap":{},"s":{"0":1,"1":1,"2":0,"3":0,"4":1,"5":1},"f":{"0":0},"b":{},"_coverageSchema":"1a1c01bbd47fc00a2c39e90264f33305004495a9","hash":"eb56e6489ae48fe74bbd660163d920d7dd23c61e"}
,"/Users/rms/Desktop/HR/hrsjo/FEC-UNZWILLING-product-info-section/client/src/components/ProductDetailsComponents/ProductReviews/ProductReviews.jsx": {"path":"/Users/rms/Desktop/HR/hrsjo/FEC-UNZWILLING-product-info-section/client/src/components/ProductDetailsComponents/ProductReviews/ProductReviews.jsx","statementMap":{"0":{"start":{"line":8,"column":18},"end":{"line":10,"column":1}},"1":{"start":{"line":12,"column":21},"end":{"line":14,"column":1}},"2":{"start":{"line":29,"column":6},"end":{"line":29,"column":11}},"3":{"start":{"line":31,"column":34},"end":{"line":34,"column":3}},"4":{"start":{"line":32,"column":29},"end":{"line":32,"column":47}},"5":{"start":{"line":33,"column":4},"end":{"line":33,"column":28}},"6":{"start":{"line":36,"column":39},"end":{"line":36,"column":77}},"7":{"start":{"line":38,"column":2},"end":{"line":52,"column":4}},"8":{"start":{"line":55,"column":0},"end":{"line":55,"column":37}},"9":{"start":{"line":56,"column":0},"end":{"line":56,"column":43}}},"fnMap":{"0":{"name":"ProductReviews","decl":{"start":{"line":16,"column":24},"end":{"line":16,"column":38}},"loc":{"start":{"line":16,"column":46},"end":{"line":53,"column":1}},"line":16},"1":{"name":"(anonymous_1)","decl":{"start":{"line":31,"column":34},"end":{"line":31,"column":35}},"loc":{"start":{"line":31,"column":46},"end":{"line":34,"column":3}},"line":31}},"branchMap":{"0":{"loc":{"start":{"line":19,"column":14},"end":{"line":27,"column":12}},"type":"default-arg","locations":[{"start":{"line":27,"column":10},"end":{"line":27,"column":12}}],"line":19}},"s":{"0":1,"1":1,"2":0,"3":0,"4":0,"5":0,"6":0,"7":0,"8":1,"9":1},"f":{"0":0,"1":0},"b":{"0":[0]},"_coverageSchema":"1a1c01bbd47fc00a2c39e90264f33305004495a9","hash":"75c1b36e8b551fb6ebba65696997cacb07116aea"}
,"/Users/rms/Desktop/HR/hrsjo/FEC-UNZWILLING-product-info-section/client/src/components/ProductDetailsComponents/ProductTitleAndLogo/ProductTitleAndLogo.jsx": {"path":"/Users/rms/Desktop/HR/hrsjo/FEC-UNZWILLING-product-info-section/client/src/components/ProductDetailsComponents/ProductTitleAndLogo/ProductTitleAndLogo.jsx","statementMap":{"0":{"start":{"line":6,"column":18},"end":{"line":8,"column":1}},"1":{"start":{"line":10,"column":21},"end":{"line":12,"column":1}},"2":{"start":{"line":16,"column":4},"end":{"line":16,"column":17}},"3":{"start":{"line":17,"column":4},"end":{"line":18,"column":6}},"4":{"start":{"line":22,"column":35},"end":{"line":22,"column":45}},"5":{"start":{"line":23,"column":4},"end":{"line":41,"column":6}},"6":{"start":{"line":45,"column":0},"end":{"line":45,"column":42}},"7":{"start":{"line":46,"column":0},"end":{"line":46,"column":48}}},"fnMap":{"0":{"name":"(anonymous_0)","decl":{"start":{"line":15,"column":2},"end":{"line":15,"column":3}},"loc":{"start":{"line":15,"column":21},"end":{"line":19,"column":3}},"line":15},"1":{"name":"(anonymous_1)","decl":{"start":{"line":21,"column":2},"end":{"line":21,"column":3}},"loc":{"start":{"line":21,"column":11},"end":{"line":42,"column":3}},"line":21}},"branchMap":{},"s":{"0":1,"1":1,"2":0,"3":0,"4":0,"5":0,"6":1,"7":1},"f":{"0":0,"1":0},"b":{},"_coverageSchema":"1a1c01bbd47fc00a2c39e90264f33305004495a9","hash":"483777725ec452cd05297dc111a9f984b07c2b65"}
,"/Users/rms/Desktop/HR/hrsjo/FEC-UNZWILLING-product-info-section/client/src/components/image_components/ProductImages.jsx": {"path":"/Users/rms/Desktop/HR/hrsjo/FEC-UNZWILLING-product-info-section/client/src/components/image_components/ProductImages.jsx","statementMap":{"0":{"start":{"line":5,"column":4},"end":{"line":5,"column":17}},"1":{"start":{"line":6,"column":4},"end":{"line":7,"column":6}},"2":{"start":{"line":11,"column":4},"end":{"line":15,"column":6}}},"fnMap":{"0":{"name":"(anonymous_0)","decl":{"start":{"line":4,"column":2},"end":{"line":4,"column":3}},"loc":{"start":{"line":4,"column":21},"end":{"line":8,"column":3}},"line":4},"1":{"name":"(anonymous_1)","decl":{"start":{"line":10,"column":2},"end":{"line":10,"column":3}},"loc":{"start":{"line":10,"column":11},"end":{"line":16,"column":3}},"line":10}},"branchMap":{},"s":{"0":0,"1":0,"2":0},"f":{"0":0,"1":0},"b":{},"_coverageSchema":"1a1c01bbd47fc00a2c39e90264f33305004495a9","hash":"071dd919244d31e6a4ec05e5d21f8e282a6d1cbc"}
}
