{"/Users/rms/Desktop/HR/hrsjo/FEC-UNZWILLING-product-info-section/Utils/index.js": {"path":"/Users/rms/Desktop/HR/hrsjo/FEC-UNZWILLING-product-info-section/Utils/index.js","statementMap":{"0":{"start":{"line":1,"column":23},"end":{"line":4,"column":1}},"1":{"start":{"line":2,"column":18},"end":{"line":2,"column":57}},"2":{"start":{"line":3,"column":2},"end":{"line":3,"column":17}}},"fnMap":{"0":{"name":"(anonymous_0)","decl":{"start":{"line":1,"column":23},"end":{"line":1,"column":24}},"loc":{"start":{"line":1,"column":44},"end":{"line":4,"column":1}},"line":1}},"branchMap":{},"s":{"0":1,"1":1,"2":1},"f":{"0":1},"b":{},"_coverageSchema":"1a1c01bbd47fc00a2c39e90264f33305004495a9","hash":"c3e1ce3767a31b7c130668d204521f9e269e20ca"}
,"/Users/rms/Desktop/HR/hrsjo/FEC-UNZWILLING-product-info-section/client/src/App/App.jsx": {"path":"/Users/rms/Desktop/HR/hrsjo/FEC-UNZWILLING-product-info-section/client/src/App/App.jsx","statementMap":{"0":{"start":{"line":11,"column":4},"end":{"line":11,"column":17}},"1":{"start":{"line":12,"column":4},"end":{"line":15,"column":6}},"2":{"start":{"line":16,"column":4},"end":{"line":16,"column":69}},"3":{"start":{"line":17,"column":4},"end":{"line":17,"column":53}},"4":{"start":{"line":21,"column":4},"end":{"line":21,"column":33}},"5":{"start":{"line":25,"column":4},"end":{"line":33,"column":9}},"6":{"start":{"line":27,"column":8},"end":{"line":29,"column":12}},"7":{"start":{"line":27,"column":29},"end":{"line":29,"column":9}},"8":{"start":{"line":37,"column":4},"end":{"line":41,"column":7}},"9":{"start":{"line":37,"column":38},"end":{"line":39,"column":5}},"10":{"start":{"line":40,"column":6},"end":{"line":40,"column":96}},"11":{"start":{"line":45,"column":35},"end":{"line":45,"column":45}},"12":{"start":{"line":46,"column":4},"end":{"line":60,"column":6}}},"fnMap":{"0":{"name":"(anonymous_0)","decl":{"start":{"line":10,"column":2},"end":{"line":10,"column":3}},"loc":{"start":{"line":10,"column":21},"end":{"line":18,"column":3}},"line":10},"1":{"name":"(anonymous_1)","decl":{"start":{"line":20,"column":2},"end":{"line":20,"column":3}},"loc":{"start":{"line":20,"column":22},"end":{"line":22,"column":3}},"line":20},"2":{"name":"(anonymous_2)","decl":{"start":{"line":24,"column":2},"end":{"line":24,"column":3}},"loc":{"start":{"line":24,"column":27},"end":{"line":34,"column":3}},"line":24},"3":{"name":"(anonymous_3)","decl":{"start":{"line":26,"column":12},"end":{"line":26,"column":13}},"loc":{"start":{"line":26,"column":26},"end":{"line":30,"column":7}},"line":26},"4":{"name":"(anonymous_4)","decl":{"start":{"line":27,"column":22},"end":{"line":27,"column":23}},"loc":{"start":{"line":27,"column":29},"end":{"line":29,"column":9}},"line":27},"5":{"name":"(anonymous_5)","decl":{"start":{"line":31,"column":13},"end":{"line":31,"column":14}},"loc":{"start":{"line":31,"column":19},"end":{"line":33,"column":7}},"line":31},"6":{"name":"(anonymous_6)","decl":{"start":{"line":36,"column":2},"end":{"line":36,"column":3}},"loc":{"start":{"line":36,"column":35},"end":{"line":42,"column":3}},"line":36},"7":{"name":"(anonymous_7)","decl":{"start":{"line":37,"column":18},"end":{"line":37,"column":19}},"loc":{"start":{"line":37,"column":38},"end":{"line":39,"column":5}},"line":37},"8":{"name":"(anonymous_8)","decl":{"start":{"line":39,"column":8},"end":{"line":39,"column":9}},"loc":{"start":{"line":39,"column":14},"end":{"line":41,"column":5}},"line":39},"9":{"name":"(anonymous_9)","decl":{"start":{"line":44,"column":2},"end":{"line":44,"column":3}},"loc":{"start":{"line":44,"column":11},"end":{"line":61,"column":3}},"line":44}},"branchMap":{},"s":{"0":1,"1":1,"2":1,"3":1,"4":1,"5":1,"6":0,"7":0,"8":0,"9":0,"10":0,"11":1,"12":1},"f":{"0":1,"1":1,"2":1,"3":0,"4":0,"5":0,"6":0,"7":0,"8":0,"9":1},"b":{},"_coverageSchema":"1a1c01bbd47fc00a2c39e90264f33305004495a9","hash":"7d8645a46612b3a5bd1748d25145af52439f42f2"}
,"/Users/rms/Desktop/HR/hrsjo/FEC-UNZWILLING-product-info-section/client/src/components/ProductDetailsComponents/AddToBasket/AddToBasket.jsx": {"path":"/Users/rms/Desktop/HR/hrsjo/FEC-UNZWILLING-product-info-section/client/src/components/ProductDetailsComponents/AddToBasket/AddToBasket.jsx","statementMap":{"0":{"start":{"line":6,"column":18},"end":{"line":8,"column":1}},"1":{"start":{"line":10,"column":21},"end":{"line":12,"column":1}},"2":{"start":{"line":16,"column":4},"end":{"line":16,"column":17}},"3":{"start":{"line":17,"column":4},"end":{"line":19,"column":6}},"4":{"start":{"line":20,"column":4},"end":{"line":20,"column":53}},"5":{"start":{"line":21,"column":4},"end":{"line":21,"column":53}},"6":{"start":{"line":25,"column":4},"end":{"line":25,"column":23}},"7":{"start":{"line":26,"column":42},"end":{"line":26,"column":52}},"8":{"start":{"line":27,"column":29},"end":{"line":27,"column":39}},"9":{"start":{"line":28,"column":38},"end":{"line":28,"column":71}},"10":{"start":{"line":29,"column":4},"end":{"line":29,"column":44}},"11":{"start":{"line":34,"column":4},"end":{"line":36,"column":8}},"12":{"start":{"line":34,"column":25},"end":{"line":36,"column":5}},"13":{"start":{"line":37,"column":4},"end":{"line":37,"column":16}},"14":{"start":{"line":41,"column":42},"end":{"line":41,"column":52}},"15":{"start":{"line":42,"column":4},"end":{"line":63,"column":6}},"16":{"start":{"line":67,"column":0},"end":{"line":67,"column":34}},"17":{"start":{"line":68,"column":0},"end":{"line":68,"column":40}}},"fnMap":{"0":{"name":"(anonymous_0)","decl":{"start":{"line":15,"column":2},"end":{"line":15,"column":3}},"loc":{"start":{"line":15,"column":21},"end":{"line":22,"column":3}},"line":15},"1":{"name":"(anonymous_1)","decl":{"start":{"line":24,"column":2},"end":{"line":24,"column":3}},"loc":{"start":{"line":24,"column":18},"end":{"line":31,"column":3}},"line":24},"2":{"name":"(anonymous_2)","decl":{"start":{"line":33,"column":2},"end":{"line":33,"column":3}},"loc":{"start":{"line":33,"column":18},"end":{"line":38,"column":3}},"line":33},"3":{"name":"(anonymous_3)","decl":{"start":{"line":34,"column":18},"end":{"line":34,"column":19}},"loc":{"start":{"line":34,"column":25},"end":{"line":36,"column":5}},"line":34},"4":{"name":"(anonymous_4)","decl":{"start":{"line":40,"column":2},"end":{"line":40,"column":3}},"loc":{"start":{"line":40,"column":11},"end":{"line":64,"column":3}},"line":40}},"branchMap":{},"s":{"0":1,"1":1,"2":0,"3":0,"4":0,"5":0,"6":0,"7":0,"8":0,"9":0,"10":0,"11":0,"12":0,"13":0,"14":0,"15":0,"16":1,"17":1},"f":{"0":0,"1":0,"2":0,"3":0,"4":0},"b":{},"_coverageSchema":"1a1c01bbd47fc00a2c39e90264f33305004495a9","hash":"1b39e5e661e51ff90eb6d53afa244e4a9a5c9682"}
,"/Users/rms/Desktop/HR/hrsjo/FEC-UNZWILLING-product-info-section/client/src/components/ProductDetailsComponents/ProductDetails/ProductDetails.jsx": {"path":"/Users/rms/Desktop/HR/hrsjo/FEC-UNZWILLING-product-info-section/client/src/components/ProductDetailsComponents/ProductDetails/ProductDetails.jsx","statementMap":{"0":{"start":{"line":7,"column":18},"end":{"line":10,"column":1}},"1":{"start":{"line":12,"column":21},"end":{"line":15,"column":1}},"2":{"start":{"line":19,"column":4},"end":{"line":19,"column":17}},"3":{"start":{"line":20,"column":4},"end":{"line":21,"column":6}},"4":{"start":{"line":25,"column":49},"end":{"line":25,"column":59}},"5":{"start":{"line":27,"column":4},"end":{"line":35,"column":6}},"6":{"start":{"line":39,"column":0},"end":{"line":39,"column":37}},"7":{"start":{"line":40,"column":0},"end":{"line":40,"column":43}}},"fnMap":{"0":{"name":"(anonymous_0)","decl":{"start":{"line":18,"column":2},"end":{"line":18,"column":3}},"loc":{"start":{"line":18,"column":21},"end":{"line":22,"column":3}},"line":18},"1":{"name":"(anonymous_1)","decl":{"start":{"line":24,"column":2},"end":{"line":24,"column":3}},"loc":{"start":{"line":24,"column":11},"end":{"line":36,"column":3}},"line":24}},"branchMap":{},"s":{"0":1,"1":1,"2":0,"3":0,"4":0,"5":0,"6":1,"7":1},"f":{"0":0,"1":0},"b":{},"_coverageSchema":"1a1c01bbd47fc00a2c39e90264f33305004495a9","hash":"ddae2f856ceb1100ae0a6973813ad5bd178298d2"}
,"/Users/rms/Desktop/HR/hrsjo/FEC-UNZWILLING-product-info-section/client/src/components/ProductDetailsComponents/ProductTitleAndLogo/ProductTitleAndLogo.jsx": {"path":"/Users/rms/Desktop/HR/hrsjo/FEC-UNZWILLING-product-info-section/client/src/components/ProductDetailsComponents/ProductTitleAndLogo/ProductTitleAndLogo.jsx","statementMap":{"0":{"start":{"line":6,"column":18},"end":{"line":8,"column":1}},"1":{"start":{"line":10,"column":21},"end":{"line":12,"column":1}},"2":{"start":{"line":16,"column":4},"end":{"line":16,"column":17}},"3":{"start":{"line":17,"column":4},"end":{"line":18,"column":6}},"4":{"start":{"line":22,"column":35},"end":{"line":22,"column":45}},"5":{"start":{"line":23,"column":4},"end":{"line":41,"column":6}},"6":{"start":{"line":45,"column":0},"end":{"line":45,"column":42}},"7":{"start":{"line":46,"column":0},"end":{"line":46,"column":48}}},"fnMap":{"0":{"name":"(anonymous_0)","decl":{"start":{"line":15,"column":2},"end":{"line":15,"column":3}},"loc":{"start":{"line":15,"column":21},"end":{"line":19,"column":3}},"line":15},"1":{"name":"(anonymous_1)","decl":{"start":{"line":21,"column":2},"end":{"line":21,"column":3}},"loc":{"start":{"line":21,"column":11},"end":{"line":42,"column":3}},"line":21}},"branchMap":{},"s":{"0":1,"1":1,"2":0,"3":0,"4":0,"5":0,"6":1,"7":1},"f":{"0":0,"1":0},"b":{},"_coverageSchema":"1a1c01bbd47fc00a2c39e90264f33305004495a9","hash":"483777725ec452cd05297dc111a9f984b07c2b65"}
,"/Users/rms/Desktop/HR/hrsjo/FEC-UNZWILLING-product-info-section/client/src/components/image_components/ProductImages.jsx": {"path":"/Users/rms/Desktop/HR/hrsjo/FEC-UNZWILLING-product-info-section/client/src/components/image_components/ProductImages.jsx","statementMap":{"0":{"start":{"line":5,"column":4},"end":{"line":5,"column":17}},"1":{"start":{"line":6,"column":4},"end":{"line":7,"column":6}},"2":{"start":{"line":11,"column":4},"end":{"line":15,"column":6}}},"fnMap":{"0":{"name":"(anonymous_0)","decl":{"start":{"line":4,"column":2},"end":{"line":4,"column":3}},"loc":{"start":{"line":4,"column":21},"end":{"line":8,"column":3}},"line":4},"1":{"name":"(anonymous_1)","decl":{"start":{"line":10,"column":2},"end":{"line":10,"column":3}},"loc":{"start":{"line":10,"column":11},"end":{"line":16,"column":3}},"line":10}},"branchMap":{},"s":{"0":0,"1":0,"2":0},"f":{"0":0,"1":0},"b":{},"_coverageSchema":"1a1c01bbd47fc00a2c39e90264f33305004495a9","hash":"071dd919244d31e6a4ec05e5d21f8e282a6d1cbc"}
}
