TN:
SF:Utils/index.js
FN:1,(anonymous_0)
FNF:1
FNH:1
FNDA:1,(anonymous_0)
DA:1,1
DA:2,1
DA:3,1
LF:3
LH:3
BRF:0
BRH:0
end_of_record
TN:
SF:client/src/App/App.jsx
FN:10,(anonymous_0)
FN:20,(anonymous_1)
FN:24,(anonymous_2)
FN:26,(anonymous_3)
FN:27,(anonymous_4)
FN:31,(anonymous_5)
FN:36,(anonymous_6)
FN:37,(anonymous_7)
FN:42,(anonymous_8)
FNF:9
FNH:4
FNDA:1,(anonymous_0)
FNDA:1,(anonymous_1)
FNDA:1,(anonymous_2)
FNDA:0,(anonymous_3)
FNDA:0,(anonymous_4)
FNDA:0,(anonymous_5)
FNDA:0,(anonymous_6)
FNDA:0,(anonymous_7)
FNDA:1,(anonymous_8)
DA:11,1
DA:12,1
DA:16,1
DA:17,1
DA:21,1
DA:25,1
DA:27,0
DA:37,0
DA:43,1
DA:44,1
LF:10
LH:8
BRF:0
BRH:0
end_of_record
TN:
SF:client/src/components/ProductDetailsComponents/AddToBasket/AddToBasket.jsx
FN:15,(anonymous_0)
FN:24,(anonymous_1)
FN:33,(anonymous_2)
FN:34,(anonymous_3)
FN:40,(anonymous_4)
FNF:5
FNH:0
FNDA:0,(anonymous_0)
FNDA:0,(anonymous_1)
FNDA:0,(anonymous_2)
FNDA:0,(anonymous_3)
FNDA:0,(anonymous_4)
DA:6,1
DA:10,1
DA:16,0
DA:17,0
DA:20,0
DA:21,0
DA:25,0
DA:26,0
DA:27,0
DA:28,0
DA:29,0
DA:34,0
DA:37,0
DA:41,0
DA:42,0
DA:67,1
DA:68,1
LF:17
LH:4
BRF:0
BRH:0
end_of_record
TN:
SF:client/src/components/ProductDetailsComponents/ProductDetails/ProductDetails.jsx
FN:22,(anonymous_0)
FN:28,(anonymous_1)
FNF:2
FNH:0
FNDA:0,(anonymous_0)
FNDA:0,(anonymous_1)
DA:11,1
DA:16,1
DA:23,0
DA:24,0
DA:29,0
DA:31,0
DA:45,1
DA:46,1
LF:8
LH:4
BRF:0
BRH:0
end_of_record
TN:
SF:client/src/components/ProductDetailsComponents/ProductPrice/ProductPrice.jsx
FN:12,ProductPrice
FNF:1
FNH:0
FNDA:0,ProductPrice
DA:4,1
DA:8,1
DA:13,0
DA:21,0
DA:41,1
DA:42,1
LF:6
LH:4
BRF:0
BRH:0
end_of_record
TN:
SF:client/src/components/ProductDetailsComponents/ProductReviews/ProductReviews.jsx
FN:16,ProductReviews
FN:31,(anonymous_1)
FNF:2
FNH:0
FNDA:0,ProductReviews
FNDA:0,(anonymous_1)
DA:8,1
DA:12,1
DA:29,0
DA:31,0
DA:32,0
DA:33,0
DA:36,0
DA:38,0
DA:55,1
DA:56,1
LF:10
LH:4
BRDA:19,0,0,0
BRF:1
BRH:0
end_of_record
TN:
SF:client/src/components/ProductDetailsComponents/ProductTitleAndLogo/ProductTitleAndLogo.jsx
FN:15,(anonymous_0)
FN:21,(anonymous_1)
FNF:2
FNH:0
FNDA:0,(anonymous_0)
FNDA:0,(anonymous_1)
DA:6,1
DA:10,1
DA:16,0
DA:17,0
DA:22,0
DA:23,0
DA:45,1
DA:46,1
LF:8
LH:4
BRF:0
BRH:0
end_of_record
TN:
SF:client/src/components/image_components/ProductImages.jsx
FN:4,(anonymous_0)
FN:10,(anonymous_1)
FNF:2
FNH:0
FNDA:0,(anonymous_0)
FNDA:0,(anonymous_1)
DA:5,0
DA:6,0
DA:11,0
LF:3
LH:0
BRF:0
BRH:0
end_of_record
